<?xml version="1.0" encoding="UTF-8"?>
<!-- Generated by org.testng.reporters.JUnitReportReporter -->
<testsuite hostname="IBM-PF37F110" name="FTP_REST_project.RestSwaggerProject.day1" tests="9" failures="0" timestamp="24 May 2022 17:10:03 GMT" time="23.032" errors="0">
  <testcase name="putWithJsontype" time="2.968" classname="FTP_REST_project.RestSwaggerProject.day1"/>
  <testcase name="getinuserMethod" time="0.001" classname="FTP_REST_project.RestSwaggerProject.day1"/>
  <testcase name="deleteMethod" time="5.324" classname="FTP_REST_project.RestSwaggerProject.day1"/>
  <testcase name="deleteMethod2" time="2.259" classname="FTP_REST_project.RestSwaggerProject.day1"/>
  <testcase name="postwithJsontype" time="2.557" classname="FTP_REST_project.RestSwaggerProject.day1"/>
  <testcase name="getMethod" time="2.633" classname="FTP_REST_project.RestSwaggerProject.day1"/>
  <testcase name="getMethod1" time="1.735" classname="FTP_REST_project.RestSwaggerProject.day1"/>
  <testcase name="putMethodWithstring" time="2.448" classname="FTP_REST_project.RestSwaggerProject.day1"/>
  <testcase name="postmethodwithstring" time="3.107" classname="FTP_REST_project.RestSwaggerProject.day1"/>
</testsuite> <!-- FTP_REST_project.RestSwaggerProject.day1 -->
